<?xml version="1.0" encoding="UTF-8"?>
<!-- Generated by org.testng.reporters.JUnitReportReporter -->
<testsuite hostname="Asads-MacBook-Pro.local" name="com.cs.test.HomePageTest" tests="1" failures="0" timestamp="5 Nov 2013 20:38:58 GMT" time="16.075" errors="0">
  <testcase name="login" time="16.075" classname="com.cs.test.HomePageTest"/>
</testsuite> <!-- com.cs.test.HomePageTest -->
